\BOOKMARK [1][-]{section*.1}{\376\377\144\130\000\040\211\201}{}% 1
\BOOKMARK [1][-]{section*.2}{\376\377\000A\000B\000S\000T\000R\000A\000C\000T}{}% 2
\BOOKMARK [1][-]{section.1}{\376\377\137\025\212\000}{}% 3
\BOOKMARK [1][-]{section.2}{\376\377\166\370\121\163\135\345\117\134}{}% 4
\BOOKMARK [2][-]{subsection.2.1}{\376\377\127\372\116\216\120\117\131\175\166\204\131\126\122\261\133\146\116\140\116\016\143\222\136\217\176\246\147\137}{section.2}% 5
\BOOKMARK [2][-]{subsection.2.2}{\376\377\217\307\172\013\131\126\122\261\152\041\127\213\116\016\217\333\136\246\166\321\167\143}{section.2}% 6
\BOOKMARK [2][-]{subsection.2.3}{\376\377\127\372\116\216\122\277\166\204\131\126\122\261\221\315\130\121\123\312\121\166\153\143\122\031\123\026}{section.2}% 7
\BOOKMARK [1][-]{section.3}{\376\377\230\204\131\007\167\345\213\306}{}% 8
\BOOKMARK [2][-]{subsection.3.1}{\376\377\227\142\124\021\121\167\216\253\146\172\200\375\166\204\232\154\134\024\123\357\131\053\121\263\173\126\217\307\172\013}{section.3}% 9
\BOOKMARK [2][-]{subsection.3.2}{\376\377\217\150\217\371\120\117\131\175\133\146\116\140\116\016\232\154\134\024\123\357\131\053\123\340\122\240\120\107\213\276}{section.3}% 10
\BOOKMARK [2][-]{subsection.3.3}{\376\377\123\125\214\003\140\047\226\167\226\061}{section.3}% 11
\BOOKMARK [1][-]{section.4}{\376\377\145\271\154\325}{}% 12
\BOOKMARK [2][-]{subsection.4.1}{\376\377\147\000\131\047\161\265\130\236\221\317\176\246\147\137}{section.4}% 13
\BOOKMARK [2][-]{subsection.4.2}{\376\377\123\125\214\003\140\047\224\360\224\376\143\137\131\061}{section.4}% 14
\BOOKMARK [2][-]{subsection.4.3}{\376\377\117\030\123\026\166\356\150\007}{section.4}% 15
\BOOKMARK [2][-]{subsection.4.4}{\376\377\116\013\156\070\000R\000L\220\350\177\162\116\016\154\333\123\026}{section.4}% 16
\BOOKMARK [1][-]{section.5}{\376\377\133\236\232\214}{}% 17
\BOOKMARK [2][-]{subsection.5.1}{\376\377\133\236\232\214\213\276\177\156}{section.5}% 18
\BOOKMARK [2][-]{subsection.5.2}{\376\377\150\070\137\303\176\323\147\234}{section.5}% 19
\BOOKMARK [2][-]{subsection.5.3}{\376\377\122\006\147\220}{section.5}% 20
\BOOKMARK [3][-]{subsubsection.5.3.1}{\376\377\213\255\176\303\122\250\140\001\377\032\220\177\121\115\150\257\136\246\231\161\124\214}{subsection.5.3}% 21
\BOOKMARK [3][-]{subsubsection.5.3.2}{\376\377\145\271\124\021\153\147\116\111\116\016\000L\000m\000o\000n\000o\166\204\117\134\165\050}{subsection.5.3}% 22
\BOOKMARK [3][-]{subsubsection.5.3.3}{\376\377\133\232\140\047\122\006\147\220\377\032\217\150\217\371\121\163\225\056\136\047\116\016\217\333\136\246\146\362\176\277}{subsection.5.3}% 23
\BOOKMARK [2][-]{subsection.5.4}{\376\377\116\013\156\070\173\126\165\145\133\146\116\140\133\236\232\214}{section.5}% 24
\BOOKMARK [3][-]{subsubsection.5.4.1}{\376\377\133\236\232\214\213\276\177\156}{subsection.5.4}% 25
\BOOKMARK [3][-]{subsubsection.5.4.2}{\376\377\000R\000L\176\323\147\234\122\006\147\220}{subsection.5.4}% 26
\BOOKMARK [1][-]{section.6}{\376\377\176\323\213\272\116\016\134\125\147\033}{}% 27
\BOOKMARK [1][-]{section*.16}{\376\377\123\302\200\003\145\207\163\056}{}% 28
\BOOKMARK [1][-]{section*.17}{\376\377\201\364\214\042}{}% 29
